Build started 28/09/15 21:31:48.
     1>Project "E:\GitHub\Tetris-Neural-Network\tetris_tutorial_sdl.vcxproj" on node 2 (Build target(s)).
     1>ClCompile:
         E:\Visual Studio\VC\bin\CL.exe /c /ZI /nologo /W3 /WX- /Od /Oy- /D WIN32 /D _DEBUG /D _WINDOWS /D _UNICODE /D UNICODE /Gm /EHsc /RTC1 /MDd /GS /fp:precise /Zc:wchar_t /Zc:forScope /Zc:inline /Fo"Debug\\" /Fd"Debug\vc140.pdb" /Gd /TP /analyze- /errorReport:prompt Board.cpp Game.cpp IO.cpp Main.cpp Pieces.cpp
         Pieces.cpp
         Main.cpp
         IO.cpp
         Game.cpp
         Board.cpp
         Generating Code...
       Link:
         E:\Visual Studio\VC\bin\link.exe /ERRORREPORT:PROMPT /OUT:"E:\GitHub\Tetris-Neural-Network\Debug\tetris_tutorial_sdl.exe" /INCREMENTAL /NOLOGO kernel32.lib user32.lib gdi32.lib winspool.lib comdlg32.lib advapi32.lib shell32.lib ole32.lib oleaut32.lib uuid.lib odbc32.lib odbccp32.lib /MANIFEST /MANIFESTUAC:"level='asInvoker' uiAccess='false'" /manifest:embed /Debug /PDB:"E:\GitHub\Tetris-Neural-Network\Debug\tetris_tutorial_sdl.pdb" /SUBSYSTEM:WINDOWS /TLBID:1 /DYNAMICBASE /NXCOMPAT /IMPLIB:"E:\GitHub\Tetris-Neural-Network\Debug\tetris_tutorial_sdl.lib" /MACHINE:X86 /SAFESEH Debug\Board.obj
         Debug\Game.obj
         Debug\IO.obj
         Debug\Main.obj
         Debug\Pieces.obj
     1>Board.obj : warning LNK4075: ignoring '/EDITANDCONTINUE' due to '/SAFESEH' specification
     1>SDL_GfxPrimitives_Static.lib(SDL_gfxPrimitives.obj) : error LNK2026: module unsafe for SAFESEH image.
            Creating library E:\GitHub\Tetris-Neural-Network\Debug\tetris_tutorial_sdl.lib and object E:\GitHub\Tetris-Neural-Network\Debug\tetris_tutorial_sdl.exp
     1>MSVCRTD.lib(initializers.obj) : warning LNK4098: defaultlib 'msvcrt.lib' conflicts with use of other libs; use /NODEFAULTLIB:library
     1>E:\GitHub\Tetris-Neural-Network\Debug\tetris_tutorial_sdl.exe : fatal error LNK1281: Unable to generate SAFESEH image.
     1>Done Building Project "E:\GitHub\Tetris-Neural-Network\tetris_tutorial_sdl.vcxproj" (Build target(s)) -- FAILED.

Build FAILED.

Time Elapsed 00:00:01.67
